0 info it worked if it ends with ok
1 verbose cli [ '/home/ubuntu/.nvm/v0.10.35/bin/node',
1 verbose cli   '/home/ubuntu/.nvm/v0.10.35/bin/npm',
1 verbose cli   'install',
1 verbose cli   'bluebird.js' ]
2 info using npm@1.4.28
3 info using node@v0.10.35
4 warn package.json @ No repository field.
5 verbose readDependencies using package.json deps
6 verbose cache add [ 'bluebird.js', null ]
7 verbose cache add name=undefined spec="bluebird.js" args=["bluebird.js",null]
8 verbose parsed url { protocol: null,
8 verbose parsed url   slashes: null,
8 verbose parsed url   auth: null,
8 verbose parsed url   host: null,
8 verbose parsed url   port: null,
8 verbose parsed url   hostname: null,
8 verbose parsed url   hash: null,
8 verbose parsed url   search: null,
8 verbose parsed url   query: null,
8 verbose parsed url   pathname: 'bluebird.js',
8 verbose parsed url   path: 'bluebird.js',
8 verbose parsed url   href: 'bluebird.js' }
9 silly lockFile 2250b0a8-bluebird-js bluebird.js
10 verbose lock bluebird.js /home/ubuntu/.npm/2250b0a8-bluebird-js.lock
11 silly lockFile 2250b0a8-bluebird-js bluebird.js
12 silly lockFile 2250b0a8-bluebird-js bluebird.js
13 verbose addNamed [ 'bluebird.js', '' ]
14 verbose addNamed [ null, '*' ]
15 silly lockFile f5c24c76-bluebird-js bluebird.js@
16 verbose lock bluebird.js@ /home/ubuntu/.npm/f5c24c76-bluebird-js.lock
17 silly addNameRange { name: 'bluebird.js', range: '*', hasData: false }
18 verbose request where is /bluebird.js
19 verbose request registry https://registry.npmjs.org/
20 verbose request id bc6bac305413688d
21 verbose url raw /bluebird.js
22 verbose url resolving [ 'https://registry.npmjs.org/', './bluebird.js' ]
23 verbose url resolved https://registry.npmjs.org/bluebird.js
24 verbose request where is https://registry.npmjs.org/bluebird.js
25 info trying registry request attempt 1 at 15:46:14
26 http GET https://registry.npmjs.org/bluebird.js
27 http 404 https://registry.npmjs.org/bluebird.js
28 silly registry.get cb [ 404,
28 silly registry.get   { 'content-type': 'application/json',
28 silly registry.get     'cache-control': 'max-age=0',
28 silly registry.get     'content-length': '2',
28 silly registry.get     'accept-ranges': 'bytes',
28 silly registry.get     date: 'Fri, 04 Sep 2015 15:46:14 GMT',
28 silly registry.get     via: '1.1 varnish',
28 silly registry.get     age: '0',
28 silly registry.get     connection: 'keep-alive',
28 silly registry.get     'x-served-by': 'cache-fra1225-FRA',
28 silly registry.get     'x-cache': 'MISS',
28 silly registry.get     'x-cache-hits': '0',
28 silly registry.get     'x-timer': 'S1441381574.408390,VS0,VE195' } ]
29 silly lockFile f5c24c76-bluebird-js bluebird.js@
30 silly lockFile f5c24c76-bluebird-js bluebird.js@
31 error 404 Not Found
31 error 404
31 error 404 'bluebird.js' is not in the npm registry.
31 error 404 You should bug the author to publish it
31 error 404
31 error 404 Maybe try 'npm search bluebird'
31 error 404
31 error 404 Note that you can also install from a
31 error 404 tarball, folder, or http url, or git url.
32 error System Linux 3.14.13-c9
33 error command "/home/ubuntu/.nvm/v0.10.35/bin/node" "/home/ubuntu/.nvm/v0.10.35/bin/npm" "install" "bluebird.js"
34 error cwd /home/ubuntu/workspace/capturer
35 error node -v v0.10.35
36 error npm -v 1.4.28
37 error code E404
38 verbose exit [ 1, true ]
